g:\dokumenty\uczelnia\ja\projekt\repo\filtrlaplacea\x64\debug\asmdll.lib
g:\dokumenty\uczelnia\ja\projekt\repo\filtrlaplacea\x64\debug\asmdll.exp
g:\dokumenty\uczelnia\ja\projekt\repo\asmdll\x64\debug\asmdll.pch
g:\dokumenty\uczelnia\ja\projekt\repo\asmdll\x64\debug\vc142.pdb
g:\dokumenty\uczelnia\ja\projekt\repo\asmdll\x64\debug\vc142.idb
g:\dokumenty\uczelnia\ja\projekt\repo\asmdll\x64\debug\pch.obj
g:\dokumenty\uczelnia\ja\projekt\repo\asmdll\x64\debug\dllmain.obj
g:\dokumenty\uczelnia\ja\projekt\repo\filtrlaplacea\x64\debug\asmdll.dll
g:\dokumenty\uczelnia\ja\projekt\repo\filtrlaplacea\x64\debug\asmdll.ilk
g:\dokumenty\uczelnia\ja\projekt\repo\filtrlaplacea\x64\debug\asmdll.pdb
g:\dokumenty\uczelnia\ja\projekt\repo\asmdll\x64\debug\sourceasm.obj
g:\dokumenty\uczelnia\ja\projekt\repo\asmdll\x64\debug\asmdll.tlog\asmdll.write.1u.tlog
g:\dokumenty\uczelnia\ja\projekt\repo\asmdll\x64\debug\asmdll.tlog\cl.command.1.tlog
g:\dokumenty\uczelnia\ja\projekt\repo\asmdll\x64\debug\asmdll.tlog\cl.read.1.tlog
g:\dokumenty\uczelnia\ja\projekt\repo\asmdll\x64\debug\asmdll.tlog\cl.write.1.tlog
g:\dokumenty\uczelnia\ja\projekt\repo\asmdll\x64\debug\asmdll.tlog\link.command.1.tlog
g:\dokumenty\uczelnia\ja\projekt\repo\asmdll\x64\debug\asmdll.tlog\link.read.1.tlog
g:\dokumenty\uczelnia\ja\projekt\repo\asmdll\x64\debug\asmdll.tlog\link.write.1.tlog
g:\dokumenty\uczelnia\ja\projekt\repo\asmdll\x64\debug\asmdll.tlog\masm.read.1u.tlog
g:\dokumenty\uczelnia\ja\projekt\repo\asmdll\x64\debug\asmdll.tlog\masm.write.1u.tlog
